<?xml version="1.0" encoding="UTF-8"?>
<testsuite xmlns:xsi="http://www.w3.org/2001/XMLSchema-instance" xsi:noNamespaceSchemaLocation="https://maven.apache.org/surefire/maven-surefire-plugin/xsd/surefire-test-report-3.0.xsd" version="3.0" name="project.controller.AuthControllerTest" time="0.973" tests="9" errors="0" skipped="0" failures="0">
  <properties>
[...]
</properties>
  <testcase name="register_InvalidEmail" classname="project.controller.AuthControllerTest" time="0.324">
    <system-out><![CDATA[2026-03-27T01:48:57.223+08:00  INFO 5016 --- [backend] [           main] t.c.s.AnnotationConfigContextLoaderUtils : Could not detect default configuration classes for test class [project.controller.AuthControllerTest]: AuthControllerTest does not declare any static, non-private, non-final, nested classes annotated with @Configuration.
2026-03-27T01:48:57.252+08:00  INFO 5016 --- [backend] [           main] .b.t.c.SpringBootTestContextBootstrapper : Found @SpringBootConfiguration project.BackendApplication for test class project.controller.AuthControllerTest

  .   ____          _            __ _ _
 /\\ / ___'_ __ _ _(_)_ __  __ _ \ \ \ \
( ( )\___ | '_ | '_| | '_ \/ _` | \ \ \ \
 \\/  ___)| |_)| | | | | || (_| |  ) ) ) )
  '  |____| .__|_| |_|_| |_\__, | / / / /
 =========|_|==============|___/=/_/_/_/
 :: Spring Boot ::                (v3.2.4)

2026-03-27T01:48:57.275+08:00  INFO 5016 --- [backend] [           main] project.controller.AuthControllerTest    : Starting AuthControllerTest using Java 17.0.11 with PID 5016 (started by JIE in C:\my_download\social_media\backend)
2026-03-27T01:48:57.275+08:00  INFO 5016 --- [backend] [           main] project.controller.AuthControllerTest    : No active profile set, falling back to 1 default profile: "default"
2026-03-27T01:48:57.661+08:00  WARN 5016 --- [backend] [           main] .s.s.UserDetailsServiceAutoConfiguration : 

Using generated security password: 8ca7de4f-02ea-4ac7-93ef-b9b1628d3467

This generated password is for development use only. Your security configuration must be updated before running your application in production.

2026-03-27T01:48:57.691+08:00  INFO 5016 --- [backend] [           main] o.s.s.web.DefaultSecurityFilterChain     : Will secure any request with [org.springframework.security.web.session.DisableEncodeUrlFilter@26c349fc, org.springframework.security.web.context.request.async.WebAsyncManagerIntegrationFilter@54d0d561, org.springframework.security.web.context.SecurityContextHolderFilter@76dc9569, org.springframework.security.web.header.HeaderWriterFilter@2c69ea30, org.springframework.web.filter.CorsFilter@489a722d, org.springframework.security.web.csrf.CsrfFilter@4f9191c1, org.springframework.security.web.authentication.logout.LogoutFilter@1d1c5bb5, org.springframework.security.web.authentication.UsernamePasswordAuthenticationFilter@651a399, org.springframework.security.web.authentication.ui.DefaultLoginPageGeneratingFilter@58178b69, org.springframework.security.web.authentication.ui.DefaultLogoutPageGeneratingFilter@3448a248, org.springframework.security.web.authentication.www.BasicAuthenticationFilter@6f526f91, org.springframework.security.web.savedrequest.RequestCacheAwareFilter@35800dea, org.springframework.security.web.servletapi.SecurityContextHolderAwareRequestFilter@3b4cce5a, org.springframework.security.web.authentication.AnonymousAuthenticationFilter@8788194, org.springframework.security.web.access.ExceptionTranslationFilter@5bbaaf17, org.springframework.security.web.access.intercept.AuthorizationFilter@5946e540]
2026-03-27T01:48:57.726+08:00  INFO 5016 --- [backend] [           main] o.s.b.t.m.w.SpringBootMockServletContext : Initializing Spring TestDispatcherServlet ''
2026-03-27T01:48:57.727+08:00  INFO 5016 --- [backend] [           main] o.s.t.web.servlet.TestDispatcherServlet  : Initializing Servlet ''
2026-03-27T01:48:57.728+08:00  INFO 5016 --- [backend] [           main] o.s.t.web.servlet.TestDispatcherServlet  : Completed initialization in 1 ms
2026-03-27T01:48:57.739+08:00  INFO 5016 --- [backend] [           main] project.controller.AuthControllerTest    : Started AuthControllerTest in 0.484 seconds (process running for 6.573)
2026-03-27T01:48:57.963+08:00  WARN 5016 --- [backend] [           main] p.exception.GlobalExceptionHandler       : 輸入驗證失敗: Email 格式錯誤
]]></system-out>
  </testcase>
  <testcase name="login_InvalidPhoneNumber" classname="project.controller.AuthControllerTest" time="0.013">
    <system-out><![CDATA[2026-03-27T01:48:58.082+08:00  WARN 5016 --- [backend] [           main] p.exception.GlobalExceptionHandler       : 輸入驗證失敗: 手機號碼格式錯誤，需為 09 開頭共 10 碼
]]></system-out>
  </testcase>
  <testcase name="login_EmptyPhoneNumber" classname="project.controller.AuthControllerTest" time="0.009">
    <system-out><![CDATA[2026-03-27T01:48:58.091+08:00  WARN 5016 --- [backend] [           main] p.exception.GlobalExceptionHandler       : 輸入驗證失敗: 手機號碼不得為空
]]></system-out>
  </testcase>
  <testcase name="login_PasswordTooShort" classname="project.controller.AuthControllerTest" time="0.008">
    <system-out><![CDATA[2026-03-27T01:48:58.102+08:00  WARN 5016 --- [backend] [           main] p.exception.GlobalExceptionHandler       : 輸入驗證失敗: 密碼長度至少 8 位
]]></system-out>
  </testcase>
  <testcase name="register_EmptyPhoneNumber" classname="project.controller.AuthControllerTest" time="0.018">
    <system-out><![CDATA[2026-03-27T01:48:58.124+08:00  WARN 5016 --- [backend] [           main] p.exception.GlobalExceptionHandler       : 輸入驗證失敗: 手機號碼不得為空
]]></system-out>
  </testcase>
  <testcase name="login_Success" classname="project.controller.AuthControllerTest" time="0.028">
    <system-out><![CDATA[2026-03-27T01:48:58.140+08:00  INFO 5016 --- [backend] [           main] project.controller.AuthController        : 收到登入請求
2026-03-27T01:48:58.150+08:00  INFO 5016 --- [backend] [           main] project.controller.AuthController        : 登入流程完成
]]></system-out>
  </testcase>
  <testcase name="register_PasswordTooShort" classname="project.controller.AuthControllerTest" time="0.007">
    <system-out><![CDATA[2026-03-27T01:48:58.164+08:00  WARN 5016 --- [backend] [           main] p.exception.GlobalExceptionHandler       : 輸入驗證失敗: 密碼長度至少 8 位
]]></system-out>
  </testcase>
  <testcase name="register_Success" classname="project.controller.AuthControllerTest" time="0.01">
    <system-out><![CDATA[2026-03-27T01:48:58.175+08:00  INFO 5016 --- [backend] [           main] project.controller.AuthController        : 收到註冊請求
2026-03-27T01:48:58.176+08:00  INFO 5016 --- [backend] [           main] project.controller.AuthController        : 註冊流程完成
]]></system-out>
  </testcase>
  <testcase name="register_InvalidPhoneNumber" classname="project.controller.AuthControllerTest" time="0.008">
    <system-out><![CDATA[2026-03-27T01:48:58.185+08:00  WARN 5016 --- [backend] [           main] p.exception.GlobalExceptionHandler       : 輸入驗證失敗: 手機號碼格式錯誤，需為 09 開頭共 10 碼
]]></system-out>
  </testcase>
</testsuite>